
CSV file has been closed.
Data log_file opened.
Data inserted.
Data inserted.
Data inserted.
Data inserted.
CSV file has been closed.
Data log_file opened.
Data inserted.
Data inserted.
Data inserted.
Data inserted.
CSV file has been closed.
Data log_file opened.
Data inserted.
Data inserted.
Data inserted.
Data inserted.
CSV file has been closed.

0 - Mon Nov 20 18:41:01 2023
Data log_file opened.
0 - Mon Nov 20 18:41:02 2023
Data inserted.
Data inserted.
Data inserted.
0 - Mon Nov 20 18:41:07 2023
Data inserted.
0 - Mon Nov 20 18:41:07 2023
CSV file has been closed.
0 - Mon Nov 20 18:54:26 2023Data log_file opened.
0 - Mon Nov 20 18:54:27 2023Data inserted.
Data inserted.
Data inserted.
0 - Mon Nov 20 18:54:32 2023Data inserted.
CSV file has been closed.
0 - Mon Nov 20 18:55:04 2023 - Data log_file opened.
0 - Mon Nov 20 18:55:05 2023 - Data inserted.
Data inserted.
Data inserted.
0 - Mon Nov 20 18:55:10 2023 - Data inserted.
CSV file has been closed.
0 - Mon Nov 20 18:56:21 2023 - Data log_file opened.
0 - Mon Nov 20 18:56:22 2023 - Data inserted.
Data inserted.
Data inserted.
0 - Mon Nov 20 18:56:27 2023 - Data inserted.
CSV file has been closed.
0 - Mon Nov 20 19:02:12 2023 - Data log_file opened.
0 - Mon Nov 20 19:02:13 2023 - Data inserted.
Data inserted.
Data inserted.
0 - Mon Nov 20 19:02:18 2023 - Data inserted.
CSV file has been closed.
0 - Mon Nov 20 19:02:23 2023 - Data log_file opened.
0 - Mon Nov 20 19:02:24 2023 - Data inserted.
0 - Mon Nov 20 19:02:24 2023 - Data inserted.
Data inserted.
0 - Mon Nov 20 19:02:29 2023 - Data inserted.
CSV file has been closed.
0 - Mon Nov 20 19:04:06 2023 - Data log_file opened.
1 - Mon Nov 20 19:04:07 2023 - Data inserted.
Data inserted.
Data inserted.
2 - Mon Nov 20 19:04:12 2023 - Data inserted.
CSV file has been closed.
0 - Mon Nov 20 19:09:57 2023 - Data log_file opened.
1 - Mon Nov 20 19:09:58 2023 - Data inserted.
Data inserted.
Data inserted.
2 - Mon Nov 20 19:10:03 2023 - Data inserted.
3 - Mon Nov 20 19:10:03 2023 - CSV file has been closed.
5 - Mon Nov 20 19:10:03 2023 - 4 - Mon Nov 20 19:10:03 2023 - 3 - Mon Nov 20 19:09:58 2023 - 2 - Mon Nov 20 19:09:58 2023 - 1 - Mon Nov 20 19:09:58 2023 - 0 - Mon Nov 20 19:09:57 2023 - Data inserted.
Data inserted.
Data inserted.
Data inserted.
CSV file has been closed.
9 - Mon Nov 20 19:10:09 2023 - 8 - Mon Nov 20 19:10:09 2023 - 7 - Mon Nov 20 19:10:04 2023 - 6 - Mon Nov 20 19:10:04 2023 - 4 - Mon Nov 20 19:10:03 2023 - 0 - Mon Nov 20 19:11:25 2023 - Data log_file opened.
1 - Mon Nov 20 19:11:26 2023 - Data inserted.
Data inserted.
Data inserted.
2 - Mon Nov 20 19:11:31 2023 - Data inserted.
CSV file has been closed.
0 - Mon Nov 20 19:17:25 2023 - Data log_file opened.
1 - Mon Nov 20 19:17:26 2023 - Data inserted.
Data inserted.
Data inserted.
2 - Mon Nov 20 19:17:31 2023 - Data inserted.
CSV file has been closed.
0 - Mon Nov 20 19:17:36 2023 - Data log_file opened.
1 - Mon Nov 20 19:17:37 2023 - Data inserted.
Data inserted.
Data inserted.
2 - Mon Nov 20 19:17:42 2023 - Data inserted.
CSV file has been closed.
0 - Mon Nov 20 19:17:59 2023 - Data log_file opened.
1 - Mon Nov 20 19:18:00 2023 - Data inserted.
Data inserted.
Data inserted.
2 - Mon Nov 20 19:18:05 2023 - Data inserted.
CSV file has been closed.
0 - Mon Nov 20 19:19:02 2023 - Data log_file opened.
1 - Mon Nov 20 19:19:03 2023 - Data inserted.
Data inserted.
Data inserted.
2 - Mon Nov 20 19:19:08 2023 - Data inserted.
CSV file has been closed.
0 - Mon Nov 20 19:20:27 2023 - Data log_file opened.
1 - Mon Nov 20 19:20:28 2023 - Data inserted.
Data inserted.
Data inserted.
2 - Mon Nov 20 19:20:33 2023 - Data inserted.
CSV file has been closed.
0 - Mon Nov 20 19:25:47 2023 - Data log_file opened.
1 - Mon Nov 20 19:25:48 2023 - Data inserted.
2 - Mon Nov 20 19:25:48 2023 - Data inserted.
Data inserted.
3 - Mon Nov 20 19:25:53 2023 -
0 - Mon Nov 20 19:26:28 2023 - Data log_file opened.
1 - Mon Nov 20 19:26:29 2023 - Data inserted.
Data inserted.
Data inserted.
2 - Mon Nov 20 19:26:34 2023 -

0 - Mon Nov 20 19:28:15 2023 - Data log_file opened.
1 - Mon Nov 20 19:28:16 2023 - Data inserted.
Data inserted.
Data inserted.
2 - Mon Nov 20 19:28:21 2023 - Data inserted.
CSV file has been closed.
0 - Mon Nov 20 21:07:45 2023 - Data log_file opened.
1 - Mon Nov 20 21:07:46 2023 - Data inserted.
Data inserted.
Data inserted.
2 - Mon Nov 20 21:07:51 2023 - Data inserted.
3 - Mon Nov 20 21:07:51 2023 - CSV file has been closed.
0 - Mon Nov 20 21:15:30 2023 - Data log_file opened.
1 - Mon Nov 20 21:15:31 2023 - Data inserted.
Data inserted.
Data inserted.
2 - Mon Nov 20 21:15:36 2023 - Data inserted.
CSV file has been closed.
0 - Mon Nov 20 21:18:41 2023 - Data log_file opened.
1 - Mon Nov 20 21:18:42 2023 - Data inserted.
Data inserted.
Data inserted.
2 - Mon Nov 20 21:18:47 2023 - Data inserted.
CSV file has been closed.
0 - Mon Nov 20 21:28:24 2023 - Data log_file opened.
1 - Mon Nov 20 21:28:25 2023 - Data inserted.
Data inserted.
Data inserted.
2 - Mon Nov 20 21:28:30 2023 - Data inserted.
CSV file has been closed.
0 - Mon Nov 20 21:28:49 2023 - Data log_file opened.
1 - Mon Nov 20 21:30:24 2023 - Data inserted.
2 - Mon Nov 20 21:34:03 2023 - Data inserted.
3 - Mon Nov 20 21:34:31 2023 - Data inserted.
4 - Mon Nov 20 21:34:40 2023 - Data inserted.
5 - Mon Nov 20 21:34:40 2023 - CSV file has been closed.
0 - Mon Nov 20 21:35:42 2023 - Data log_file opened.
1 - Mon Nov 20 21:35:43 2023 - Data inserted.
Data inserted.
Data inserted.
2 - Mon Nov 20 21:35:48 2023 - Data inserted.
CSV file has been closed.
0 - Mon Nov 20 21:37:45 2023 - Data log_file opened.
1 - Mon Nov 20 21:37:46 2023 - Data inserted.
Data inserted.
Data inserted.
2 - Mon Nov 20 21:37:51 2023 - Data inserted.
CSV file has been closed.

0 - Mon Nov 20 21:37:53 2023 - Data log_file opened.
1 - Mon Nov 20 21:37:54 2023 - Data inserted.
Data inserted.
Data inserted.
2 - Mon Nov 20 21:37:59 2023 - Data inserted.
CSV file has been closed.
0 - Mon Nov 20 21:47:22 2023 - Data log_file opened.
1 - Mon Nov 20 21:47:23 2023 - Data inserted.
Data inserted.
Data inserted.
2 - Mon Nov 20 21:47:28 2023 - Data inserted.
CSV file has been closed.
0 - Mon Nov 20 21:48:15 2023 - Data log_file opened.
1 - Mon Nov 20 21:48:16 2023 - Data inserted.
Data inserted.
Data inserted.
2 - Mon Nov 20 21:48:21 2023 - Data inserted.
CSV file has been closed.
0 - Mon Nov 20 21:52:27 2023 - Data log_file opened.
1 - Mon Nov 20 21:52:28 2023 - Data inserted.
Data inserted.
Data inserted.
2 - Mon Nov 20 21:52:33 2023 - Data inserted.
3 - Mon Nov 20 21:52:33 2023 - CSV file has been closed.
0 - Mon Nov 20 21:53:20 2023 - Data log_file opened.
1 - Mon Nov 20 21:53:21 2023 - Data inserted.
Data inserted.
Data inserted.
2 - Mon Nov 20 21:53:26 2023 - Data inserted.
3 - Mon Nov 20 21:53:26 2023 - CSV file has been closed.
0 - Mon Nov 20 21:54:26 2023 - Data log_file opened.
1 - Mon Nov 20 21:54:27 2023 - Data inserted.
Data inserted.
Data inserted.
2 - Mon Nov 20 21:54:32 2023 - Data inserted.
CSV file has been closed.
0 - Mon Nov 20 21:55:40 2023 - Data log_file opened.
1 - Mon Nov 20 21:55:41 2023 - Data inserted.
Data inserted.
Data inserted.
2 - Mon Nov 20 21:55:46 2023 - Data inserted.
CSV file has been closed.
0 - Mon Nov 20 21:56:19 2023 - Data log_file opened.
1 - Mon Nov 20 21:56:21 2023 - Data inserted.
2 - Mon Nov 20 21:56:21 2023 - Data inserted.
Data inserted.
3 - Mon Nov 20 21:56:26 2023 - Data inserted.
CSV file has been closed.
0 - Mon Nov 20 21:58:24 2023 - Data log_file opened.
1 - Mon Nov 20 21:58:25 2023 - Data inserted.
Data inserted.
Data inserted.
2 - Mon Nov 20 21:58:30 2023 - Data inserted.
CSV file has been closed.
0 - Mon Nov 20 21:59:31 2023 - Data log_file opened.
1 - Mon Nov 20 21:59:32 2023 - Data inserted.
Data inserted.
Data inserted.
2 - Mon Nov 20 21:59:37 2023 - Data inserted.
CSV file has been closed.
0 - Mon Nov 20 22:00:08 2023 - Data log_file opened.
1 - Mon Nov 20 22:00:09 2023 - Data inserted.
Data inserted.
Data inserted.
2 - Mon Nov 20 22:00:14 2023 - Data inserted.
CSV file has been closed.
0 - Mon Nov 20 22:00:57 2023 - Data log_file opened.
1 - Mon Nov 20 22:00:58 2023 - Data inserted.
Data inserted.
Data inserted.
2 - Mon Nov 20 22:01:03 2023 - Data inserted.
CSV file has been closed.
0 - Mon Nov 20 22:01:59 2023 - Data log_file opened.
1 - Mon Nov 20 22:02:00 2023 - Data inserted.
2 - Mon Nov 20 22:02:00 2023 - Data inserted.
Data inserted.
3 - Mon Nov 20 22:02:05 2023 - Data inserted.
CSV file has been closed.
0 - Mon Nov 20 22:05:20 2023 - Data log_file opened.
1 - Mon Nov 20 22:05:21 2023 - Data inserted.
Data inserted.
Data inser2 - Mon Nov 20 22:05:21 2023 - ted.
3 - Mon Nov 20 22:05:26 2023 - Data inserted.
CSV file has been closed.4 - Mon Nov 20 22:05:26 2023 - 
0 - Mon Nov 20 22:08:01 2023 - Data log_file opened.
1 - Mon Nov 20 22:08:03 2023 - Data inserted.
Data inserted.
Data inser2 - Mon Nov 20 22:08:03 2023 - ted.
3 - Mon Nov 20 22:08:08 2023 - Data inserted.
CSV file has been closed.4 - Mon Nov 20 22:08:08 2023 - 
0 - Mon Nov 20 22:08:11 2023 - Data log_file opened.
1 - Mon Nov 20 22:08:12 2023 - Data inserted.
Data inserted.
Data inser2 - Mon Nov 20 22:08:12 2023 - ted.
3 - Mon Nov 20 22:08:17 2023 - Data inserted.
CSV file has been closed.4 - Mon Nov 20 22:08:17 2023 - 
0 - Mon Nov 20 22:12:17 2023 - Data log_file opened.
1 - Mon Nov 20 22:12:18 2023 - Data inserted.
Data inserted.
Data inser2 - Mon Nov 20 22:12:18 2023 - ted.
3 - Mon Nov 20 22:12:23 2023 - Data inserted.
CSV file has been closed.4 - Mon Nov 20 22:12:23 2023 - 
0 - Mon Nov 20 22:22:32 2023 - Data log_file opened.
Data inserted.
Data inserted.
Data inserted.
Data inserted.
CSV file has been closed.
0 - Mon Nov 20 22:24:55 2023 - Data log_file opened.
1 - Mon Nov 20 22:24:56 2023 - Data inserted.
1 - Mon Nov 20 22:24:56 2023 - Data inserted.
2 - Mon Nov 20 22:24:56 2023 - Data inserted.
2 - Mon Nov 20 22:24:56 2023 - Data inserted.
3 - Mon Nov 20 22:24:56 2023 - Data inserted.
3 - Mon Nov 20 22:24:56 2023 - Data inserted.
4 - Mon Nov 20 22:25:01 2023 - Data inserted.
4 - Mon Nov 20 22:25:01 2023 - Data inserted.
5 - Mon Nov 20 22:25:01 2023 - CSV file has been closed.
5 - Mon Nov 20 22:25:01 2023 - CSV file has been closed.
0 - Mon Nov 20 22:26:52 2023 - Data log_file opened.
1 - Mon Nov 20 22:26:53 2023 - Data inserted.
1 - Mon Nov 20 22:26:53 2023 - Data inserted.
2 - Mon Nov 20 22:26:53 2023 - Data inserted.
2 - Mon Nov 20 22:26:53 2023 - Data inserted.
3 - Mon Nov 20 22:26:53 2023 - Data inserted.
3 - Mon Nov 20 22:26:53 2023 - Data inserted.
4 - Mon Nov 20 22:26:58 2023 - Data inserted.
4 - Mon Nov 20 22:26:58 2023 - Data inserted.
5 - Mon Nov 20 22:26:58 2023 - CSV file has been closed.
5 - Mon Nov 20 22:26:58 2023 - CSV file has been closed.
0 - Mon Nov 20 22:27:25 2023 - Data log_file opened.
1 - Mon Nov 20 22:27:26 2023 - Data inserted.
1 - Mon Nov 20 22:27:26 2023 - Data inserted.
2 - Mon Nov 20 22:27:26 2023 - Data inserted.
2 - Mon Nov 20 22:27:26 2023 - Data inserted.
3 - Mon Nov 20 22:27:26 2023 - Data inserted.
3 - Mon Nov 20 22:27:26 2023 - Data inserted.
4 - Mon Nov 20 22:27:31 2023 - Data inserted.
4 - Mon Nov 20 22:27:31 2023 - Data inserted.
5 - Mon Nov 20 22:27:31 2023 - CSV file has been closed.
5 - Mon Nov 20 22:27:31 2023 - CSV file has been closed.
0 - Mon Nov 20 22:31:52 2023 - Data log_file opened.
1 - Mon Nov 20 22:31:53 2023 - Data inserted.
Data inserted.
Data inserted.
2 - Mon Nov 20 22:31:58 2023 - Data inserted.
CSV file has been closed.
0 - Mon Nov 20 22:36:40 2023 - Data1 - Mon Nov 20 22:36:40 2023 -  log2 - Mon Nov 20 22:36:40 2023 - _fil3 - Mon Nov 20 22:36:40 2023 - e op4 - Mon Nov 20 22:36:40 2023 - ened5 - Mon Nov 20 22:36:40 2023 - .
6 - Mon Nov 20 22:36:41 2023 - Data7 - Mon Nov 20 22:36:41 2023 -  ins8 - Mon Nov 20 22:36:41 2023 - erte9 - Mon Nov 20 22:36:41 2023 - d.
10 - Mon Nov 20 22:36:41 2023 - Data11 - Mon Nov 20 22:36:41 2023 -  ins12 - Mon Nov 20 22:36:41 2023 - erte13 - Mon Nov 20 22:36:41 2023 - d.
D14 - Mon Nov 20 22:36:41 2023 - ata 15 - Mon Nov 20 22:36:41 2023 - inse16 - Mon Nov 20 22:36:41 2023 - rted17 - Mon Nov 20 22:36:41 2023 - .
18 - Mon Nov 20 22:36:46 2023 - Data19 - Mon Nov 20 22:36:46 2023 -  ins20 - Mon Nov 20 22:36:46 2023 - erte21 - Mon Nov 20 22:36:46 2023 - d.
22 - Mon Nov 20 22:36:46 2023 - CSV 23 - Mon Nov 20 22:36:46 2023 - file24 - Mon Nov 20 22:36:46 2023 -  has25 - Mon Nov 20 22:36:46 2023 -  bee26 - Mon Nov 20 22:36:46 2023 - n cl27 - Mon Nov 20 22:36:46 2023 - osed28 - Mon Nov 20 22:36:46 2023 - .
0 - Mon Nov 20 22:38:57 2023 - Data log1 - Mon Nov 20 22:38:57 2023 - _file op2 - Mon Nov 20 22:38:57 2023 - ened.
3 - Mon Nov 20 22:38:58 2023 - Data ins4 - Mon Nov 20 22:38:58 2023 - erted.
D5 - Mon Nov 20 22:38:58 2023 - ata inse6 - Mon Nov 20 22:38:58 2023 - rted.
7 - Mon Nov 20 22:38:58 2023 - Data ins8 - Mon Nov 20 22:38:58 2023 - erted.
9 - Mon Nov 20 22:39:03 2023 - Data ins10 - Mon Nov 20 22:39:03 2023 - erted.
11 - Mon Nov 20 22:39:03 2023 - CSV file12 - Mon Nov 20 22:39:03 2023 -  has bee13 - Mon Nov 20 22:39:03 2023 - n closed14 - Mon Nov 20 22:39:03 2023 - .
0 - Mon Nov 20 22:39:40 2023 - Data log_fil1 - Mon Nov 20 22:39:40 2023 - e opened.
2 - Mon Nov 20 22:39:41 2023 - Data inserte3 - Mon Nov 20 22:39:41 2023 - d.
Data inse4 - Mon Nov 20 22:39:41 2023 - rted.
Data i5 - Mon Nov 20 22:39:41 2023 - nserted.
6 - Mon Nov 20 22:39:46 2023 - Data inserte7 - Mon Nov 20 22:39:46 2023 - d.
CSV file 8 - Mon Nov 20 22:39:46 2023 - has been clo9 - Mon Nov 20 22:39:46 2023 - sed.
0 - Mon Nov 20 22:40:11 2023 - Data log_file op1 - Mon Nov 20 22:40:11 2023 - ened.
2 - Mon Nov 20 22:40:12 2023 - Data inserted.
D3 - Mon Nov 20 22:40:12 2023 - ata inserted.
Da4 - Mon Nov 20 22:40:12 2023 - ta inserted.
5 - Mon Nov 20 22:40:17 2023 - Data inserted.
C6 - Mon Nov 20 22:40:17 2023 - SV file has been7 - Mon Nov 20 22:40:17 2023 -  closed.
0 - Mon Nov 20 22:41:59 2023 - Data log_file opened1 - Mon Nov 20 22:41:59 2023 - .
2 - Mon Nov 20 22:42:00 2023 - Data inserted.
Data 3 - Mon Nov 20 22:42:00 2023 - inserted.
Data inser4 - Mon Nov 20 22:42:00 2023 - ted.
5 - Mon Nov 20 22:42:05 2023 - Data inserted.
CSV f6 - Mon Nov 20 22:42:05 2023 - ile has been closed.7 - Mon Nov 20 22:42:05 2023 - 
0 - Mon Nov 20 22:42:55 2023 - Data log_file opened.
1 - Mon Nov 20 22:42:56 2023 - Data inserted.
Data inse2 - Mon Nov 20 22:42:56 2023 - rted.
Data inserted.
3 - Mon Nov 20 22:43:01 2023 - Data inserted.
CSV file 4 - Mon Nov 20 22:43:01 2023 - has been closed.
0 - Mon Nov 20 22:46:57 2023 - Data log_file opened.
1 - Mon Nov 20 22:46:58 2023 - Data inserted.
Data inserted.
Data inserted.
2 - Mon Nov 20 22:47:03 2023 - Data inserted.
CSV file has been closed.
0 - Mon Nov 20 22:51:42 2023 - Data log_file opened.
1 - Mon Nov 20 22:51:43 2023 - Data inserted.
1 - Mon Nov 20 22:51:43 2023 - Data inserted.
2 - Mon Nov 20 22:51:43 2023 - Data inserted.
2 - Mon Nov 20 22:51:43 2023 - Data inserted.
3 - Mon Nov 20 22:51:43 2023 - Data inserted.
3 - Mon Nov 20 22:51:43 2023 - Data inserted.
4 - Mon Nov 20 22:51:48 2023 - Data inserted.
4 - Mon Nov 20 22:51:48 2023 - Data inserted.
5 - Mon Nov 20 22:51:48 2023 - CSV file has been closed.
5 - Mon Nov 20 22:51:48 2023 - CSV file has been closed.
0 - Mon Nov 20 22:53:25 2023 - Data log_file opened.
1 - Mon Nov 20 22:53:26 2023 - Data inserted.
1 - Mon Nov 20 22:53:26 2023 - Data inserted.
2 - Mon Nov 20 22:53:26 2023 - Data inserted.
2 - Mon Nov 20 22:53:26 2023 - Data inserted.
3 - Mon Nov 20 22:53:26 2023 - Data inserted.
3 - Mon Nov 20 22:53:26 2023 - Data inserted.
4 - Mon Nov 20 22:53:31 2023 - Data inserted.
4 - Mon Nov 20 22:53:31 2023 - Data inserted.
5 - Mon Nov 20 22:53:31 2023 - CSV file has been closed.
5 - Mon Nov 20 22:53:31 2023 - CSV file has been closed.
0 - Mon Nov 20 22:54:08 2023 - Data log_file opened.
1 - Mon Nov 20 22:54:09 2023 - Data inserted.
1 - Mon Nov 20 22:54:09 2023 - Data inserted.
2 - Mon Nov 20 22:54:09 2023 - Data inserted.
2 - Mon Nov 20 22:54:09 2023 - Data inserted.
3 - Mon Nov 20 22:54:09 2023 - Data inserted.
3 - Mon Nov 20 22:54:09 2023 - Data inserted.
4 - Mon Nov 20 22:54:14 2023 - Data inserted.dffe
4 - Mon Nov 20 22:54:14 2023 - Data inserted.
5 - Mon Nov 20 22:54:14 2023 - CSV file has been closed.
5 - Mon Nov 20 22:54:14 2023 - CSV file has been closed.
0 - Mon Nov 20 22:56:26 2023 - Data log_file opened.
1 - Mon Nov 20 22:56:27 2023 - Data inserted.
1 - Mon Nov 20 22:56:27 2023 - Data inserted.
2 - Mon Nov 20 22:56:27 2023 - Data inserted.
2 - Mon Nov 20 22:56:27 2023 - Data inserted.
3 - Mon Nov 20 22:56:27 2023 - Data inserted.
3 - Mon Nov 20 22:56:27 2023 - Data inserted.
4 - Mon Nov 20 22:56:32 2023 - Data inserted.
4 - Mon Nov 20 22:56:32 2023 - Data inserted.
5 - Mon Nov 20 22:56:32 2023 - CSV file has been closed.
5 - Mon Nov 20 22:56:32 2023 - CSV file has been closed.
Data log_file opened.
Data inserted.
Data inserted.
Data inserted.
Data inserted.
CSV file has been closed.
0 - Mon Nov 20 23:10:47 2023 - Data log_file opened.
1 - Mon Nov 20 23:10:48 2023 - Data inserted.
Data inserted.
Data inserted.
2 - Mon Nov 20 23:10:53 2023 - Data inserted.
CSV file has been closed.
